<?xml version="1.0" encoding="UTF-8"?>
<!-- Generated by org.testng.reporters.JUnitReportReporter -->
<testsuite skipped="0" hostname="DESKTOP-RU7VQSE" name="Test_cases.Logout_test_case" tests="1" failures="0" timestamp="2020-01-09T14:40:15 IST" time="3.514" errors="0">
  <testcase name="Logout_tc" time="3.514" classname="Test_cases.Logout_test_case"/>
</testsuite> <!-- Test_cases.Logout_test_case -->
