<?xml version="1.0" encoding="UTF-8"?>
<!-- Generated by org.testng.reporters.JUnitReportReporter -->
<testsuite skipped="0" hostname="DESKTOP-RU7VQSE" name="Test_cases.Login_test_case" tests="1" failures="0" timestamp="2020-01-03T16:30:18 IST" time="2.189" errors="0">
  <testcase name="chkLoginFunc" time="2.189" classname="Test_cases.Login_test_case"/>
</testsuite> <!-- Test_cases.Login_test_case -->
