<?xml version="1.0" encoding="UTF-8"?>
<!-- Generated by org.testng.reporters.JUnitReportReporter -->
<testsuite skipped="0" hostname="DESKTOP-RU7VQSE" name="Test_cases.HomeTextCase" tests="1" failures="0" timestamp="2020-01-03T16:30:18 IST" time="0.100" errors="0">
  <testcase name="verifyHomePageTC" time="0.100" classname="Test_cases.HomeTextCase"/>
</testsuite> <!-- Test_cases.HomeTextCase -->
