<?xml version="1.0" encoding="UTF-8"?>
<!-- Generated by org.testng.reporters.JUnitReportReporter -->
<testsuite skipped="0" hostname="DESKTOP-RU7VQSE" name="EventHandling.IFrameHandling" tests="1" failures="0" timestamp="2020-01-10T14:25:17 IST" time="60.703" errors="0">
  <testcase name="iframeHandling" time="60.703" classname="EventHandling.IFrameHandling"/>
</testsuite> <!-- EventHandling.IFrameHandling -->
