<?xml version="1.0" encoding="UTF-8"?>
<!-- Generated by org.testng.reporters.JUnitReportReporter -->
<testsuite skipped="0" hostname="DESKTOP-RU7VQSE" name="EventHandling.Alert_handling" tests="2" failures="0" timestamp="2020-01-09T15:43:23 IST" time="15.480" errors="0">
  <testcase name="alertHandling" time="10.211" classname="EventHandling.Alert_handling"/>
  <testcase name="confirmBox" time="5.269" classname="EventHandling.Alert_handling"/>
</testsuite> <!-- EventHandling.Alert_handling -->
