<?xml version="1.0" encoding="UTF-8"?>
<!-- Generated by org.testng.reporters.JUnitReportReporter -->
<testsuite skipped="0" hostname="DESKTOP-RU7VQSE" name="Annotations_Test_NG" tests="3" failures="0" timestamp="2019-12-18T16:02:29 IST" time="0.019" errors="0">
  <testcase name="bTestCase" time="0.005" classname="Annotations_Test_NG"/>
  <testcase name="aTestCase" time="0.010" classname="Annotations_Test_NG"/>
  <testcase name="cTestCase" time="0.004" classname="Annotations_Test_NG"/>
</testsuite> <!-- Annotations_Test_NG -->
