<?xml version="1.0" encoding="UTF-8"?>
<!-- Generated by org.testng.reporters.JUnitReportReporter -->
<testsuite skipped="0" hostname="DESKTOP-RU7VQSE" name="Test_cases.TestCase1" tests="1" failures="0" timestamp="16 Jan 2020 07:52:18 GMT" time="65.009" errors="0">
  <testcase name="tc1" time="65.009" classname="Test_cases.TestCase1"/>
</testsuite> <!-- Test_cases.TestCase1 -->
